<?xml version="1.0" encoding="UTF-8"?>
<!-- Generated by org.testng.reporters.JUnitXMLReporter -->
<testsuite ignored="0" hostname="alejandrovasquez" failures="0" tests="3" name="yelp_tests" time="199.735" errors="0" timestamp="2020-10-26T09:56:50 PET">
  <testcase classname="YelpTests" name="yelpFirstTest" time="69.58"/>
  <testcase classname="YelpTests" name="yelpSecondTest" time="64.877"/>
  <testcase classname="YelpTests" name="yelpThirdTest" time="65.223"/>
</testsuite> <!-- yelp_tests -->
